<?xml version="1.0" encoding="UTF-8"?>
<!-- Generated by org.testng.reporters.JUnitReportReporter -->
<testsuite skipped="0" hostname="BDC4-D-1RY0N62" name="seleniumadvanced.demos.seleniumday1.TestLink" tests="1" failures="0" timestamp="07 Feb 2019 09:03:37 GMT" time="15.718" errors="0">
  <testcase name="creditCard" time="15.718" classname="seleniumadvanced.demos.seleniumday1.TestLink"/>
</testsuite> <!-- seleniumadvanced.demos.seleniumday1.TestLink -->
