<?xml version="1.0" encoding="UTF-8"?>
<!-- Generated by org.testng.reporters.JUnitReportReporter -->
<testsuite skipped="0" hostname="BDC4-D-1RY0N62" name="seleniumadvanced.demos.seleniumday1.readExcel" tests="1" failures="0" timestamp="08 Feb 2019 04:59:52 GMT" time="1.223" errors="0">
  <testcase name="testExcel" time="1.223" classname="seleniumadvanced.demos.seleniumday1.readExcel"/>
</testsuite> <!-- seleniumadvanced.demos.seleniumday1.readExcel -->
