<?xml version="1.0" encoding="UTF-8"?>
<!-- Generated by org.testng.reporters.JUnitReportReporter -->
<testsuite skipped="0" hostname="BDC4-D-1RY0N62" name="seleniumadvanced.demos.seleniumday1.toTestExcelData" tests="8" failures="0" timestamp="11 Feb 2019 03:23:52 GMT" time="32.738" errors="0">
  <testcase name="testExcelData" time="3.622" classname="seleniumadvanced.demos.seleniumday1.toTestExcelData"/>
  <testcase name="testExcelData" time="3.842" classname="seleniumadvanced.demos.seleniumday1.toTestExcelData"/>
  <testcase name="testExcelData" time="4.539" classname="seleniumadvanced.demos.seleniumday1.toTestExcelData"/>
  <testcase name="testExcelData" time="2.858" classname="seleniumadvanced.demos.seleniumday1.toTestExcelData"/>
  <testcase name="testExcelData" time="3.538" classname="seleniumadvanced.demos.seleniumday1.toTestExcelData"/>
  <testcase name="testExcelData" time="6.419" classname="seleniumadvanced.demos.seleniumday1.toTestExcelData"/>
  <testcase name="testExcelData" time="4.415" classname="seleniumadvanced.demos.seleniumday1.toTestExcelData"/>
  <testcase name="testExcelData" time="3.505" classname="seleniumadvanced.demos.seleniumday1.toTestExcelData"/>
</testsuite> <!-- seleniumadvanced.demos.seleniumday1.toTestExcelData -->
