<?xml version="1.0" encoding="UTF-8"?>
<!-- Generated by org.testng.reporters.JUnitReportReporter -->
<testsuite skipped="0" hostname="BDC4-D-1RY0N62" name="seleniumadvanced.demos.seleniumday1.AjaxKey" tests="2" failures="0" timestamp="08 Feb 2019 04:12:05 GMT" time="12.514" errors="0">
  <testcase name="fromTest" time="10.509" classname="seleniumadvanced.demos.seleniumday1.AjaxKey"/>
  <testcase name="toTestDynamicWait" time="2.005" classname="seleniumadvanced.demos.seleniumday1.AjaxKey"/>
</testsuite> <!-- seleniumadvanced.demos.seleniumday1.AjaxKey -->
