<?xml version="1.0" encoding="UTF-8"?>
<!-- Generated by org.testng.reporters.JUnitReportReporter -->
<testsuite skipped="0" hostname="BDC4-D-1RY0N62" name="seleniumadvanced.demos.seleniumday1.testAJAX" tests="1" failures="0" timestamp="08 Feb 2019 03:15:21 GMT" time="37.629" errors="0">
  <testcase name="ajax" time="37.629" classname="seleniumadvanced.demos.seleniumday1.testAJAX"/>
</testsuite> <!-- seleniumadvanced.demos.seleniumday1.testAJAX -->
